This is pdfTeX, Version 3.141592653-2.6-1.40.23 (TeX Live 2021/W32TeX) (preloaded format=pdflatex 2021.11.13)  18 JAN 2022 21:36
entering extended mode
 restricted \write18 enabled.
 %&-line parsing enabled.
**"C:/Users/piotr/Desktop/Covild 6 months revision/paper/supplementary_material
.tex"

(c:/Users/piotr/Desktop/Covild 6 months revision/paper/supplementary_material.t
ex
LaTeX2e <2021-11-15>
L3 programming layer <2021-11-12> (c:/Users/piotr/AppData/Roaming/TinyTeX/texmf
-dist/tex/latex/base/article.cls
Document Class: article 2021/10/04 v1.4n Standard LaTeX document class
(c:/Users/piotr/AppData/Roaming/TinyTeX/texmf-dist/tex/latex/base/size10.clo
File: size10.clo 2021/10/04 v1.4n Standard LaTeX file (size option)
)
\c@part=\count183
\c@section=\count184
\c@subsection=\count185
\c@subsubsection=\count186
\c@paragraph=\count187
\c@subparagraph=\count188
\c@figure=\count189
\c@table=\count190
\abovecaptionskip=\skip47
\belowcaptionskip=\skip48
\bibindent=\dimen138
) (c:/Users/piotr/AppData/Roaming/TinyTeX/texmf-dist/tex/latex/lm/lmodern.sty
Package: lmodern 2015/05/01 v1.6.1 Latin Modern Fonts
LaTeX Font Info:    Overwriting symbol font `operators' in version `normal'
(Font)                  OT1/cmr/m/n --> OT1/lmr/m/n on input line 22.
LaTeX Font Info:    Overwriting symbol font `letters' in version `normal'
(Font)                  OML/cmm/m/it --> OML/lmm/m/it on input line 23.
LaTeX Font Info:    Overwriting symbol font `symbols' in version `normal'
(Font)                  OMS/cmsy/m/n --> OMS/lmsy/m/n on input line 24.
LaTeX Font Info:    Overwriting symbol font `largesymbols' in version `normal'
(Font)                  OMX/cmex/m/n --> OMX/lmex/m/n on input line 25.
LaTeX Font Info:    Overwriting symbol font `operators' in version `bold'
(Font)                  OT1/cmr/bx/n --> OT1/lmr/bx/n on input line 26.
LaTeX Font Info:    Overwriting symbol font `letters' in version `bold'
(Font)                  OML/cmm/b/it --> OML/lmm/b/it on input line 27.
LaTeX Font Info:    Overwriting symbol font `symbols' in version `bold'
(Font)                  OMS/cmsy/b/n --> OMS/lmsy/b/n on input line 28.
LaTeX Font Info:    Overwriting symbol font `largesymbols' in version `bold'
(Font)                  OMX/cmex/m/n --> OMX/lmex/m/n on input line 29.
LaTeX Font Info:    Overwriting math alphabet `\mathbf' in version `normal'
(Font)                  OT1/cmr/bx/n --> OT1/lmr/bx/n on input line 31.
LaTeX Font Info:    Overwriting math alphabet `\mathsf' in version `normal'
(Font)                  OT1/cmss/m/n --> OT1/lmss/m/n on input line 32.
LaTeX Font Info:    Overwriting math alphabet `\mathit' in version `normal'
(Font)                  OT1/cmr/m/it --> OT1/lmr/m/it on input line 33.
LaTeX Font Info:    Overwriting math alphabet `\mathtt' in version `normal'
(Font)                  OT1/cmtt/m/n --> OT1/lmtt/m/n on input line 34.
LaTeX Font Info:    Overwriting math alphabet `\mathbf' in version `bold'
(Font)                  OT1/cmr/bx/n --> OT1/lmr/bx/n on input line 35.
LaTeX Font Info:    Overwriting math alphabet `\mathsf' in version `bold'
(Font)                  OT1/cmss/bx/n --> OT1/lmss/bx/n on input line 36.
LaTeX Font Info:    Overwriting math alphabet `\mathit' in version `bold'
(Font)                  OT1/cmr/bx/it --> OT1/lmr/bx/it on input line 37.
LaTeX Font Info:    Overwriting math alphabet `\mathtt' in version `bold'
(Font)                  OT1/cmtt/m/n --> OT1/lmtt/m/n on input line 38.
)
(c:/Users/piotr/AppData/Roaming/TinyTeX/texmf-dist/tex/latex/amsfonts/amssymb.s
ty
Package: amssymb 2013/01/14 v3.01 AMS font symbols

(c:/Users/piotr/AppData/Roaming/TinyTeX/texmf-dist/tex/latex/amsfonts/amsfonts.
sty
Package: amsfonts 2013/01/14 v3.01 Basic AMSFonts support
\@emptytoks=\toks16
\symAMSa=\mathgroup4
\symAMSb=\mathgroup5
LaTeX Font Info:    Redeclaring math symbol \hbar on input line 98.
LaTeX Font Info:    Overwriting math alphabet `\mathfrak' in version `bold'
(Font)                  U/euf/m/n --> U/euf/b/n on input line 106.
))
(c:/Users/piotr/AppData/Roaming/TinyTeX/texmf-dist/tex/latex/amsmath/amsmath.st
y
Package: amsmath 2021/10/15 v2.17l AMS math features
\@mathmargin=\skip49
For additional information on amsmath, use the `?' option.

(c:/Users/piotr/AppData/Roaming/TinyTeX/texmf-dist/tex/latex/amsmath/amstext.st
y
Package: amstext 2021/08/26 v2.01 AMS text

(c:/Users/piotr/AppData/Roaming/TinyTeX/texmf-dist/tex/latex/amsmath/amsgen.sty
File: amsgen.sty 1999/11/30 v2.0 generic functions
\@emptytoks=\toks17
\ex@=\dimen139
))
(c:/Users/piotr/AppData/Roaming/TinyTeX/texmf-dist/tex/latex/amsmath/amsbsy.sty
Package: amsbsy 1999/11/29 v1.2d Bold Symbols
\pmbraise@=\dimen140
)
(c:/Users/piotr/AppData/Roaming/TinyTeX/texmf-dist/tex/latex/amsmath/amsopn.sty
Package: amsopn 2021/08/26 v2.02 operator names
)
\inf@bad=\count191
LaTeX Info: Redefining \frac on input line 234.
\uproot@=\count192
\leftroot@=\count193
LaTeX Info: Redefining \overline on input line 399.
\classnum@=\count194
\DOTSCASE@=\count195
LaTeX Info: Redefining \ldots on input line 496.
LaTeX Info: Redefining \dots on input line 499.
LaTeX Info: Redefining \cdots on input line 620.
\Mathstrutbox@=\box50
\strutbox@=\box51
\big@size=\dimen141
LaTeX Font Info:    Redeclaring font encoding OML on input line 743.
LaTeX Font Info:    Redeclaring font encoding OMS on input line 744.
\macc@depth=\count196
\c@MaxMatrixCols=\count197
\dotsspace@=\muskip16
\c@parentequation=\count198
\dspbrk@lvl=\count199
\tag@help=\toks18
\row@=\count266
\column@=\count267
\maxfields@=\count268
\andhelp@=\toks19
\eqnshift@=\dimen142
\alignsep@=\dimen143
\tagshift@=\dimen144
\tagwidth@=\dimen145
\totwidth@=\dimen146
\lineht@=\dimen147
\@envbody=\toks20
\multlinegap=\skip50
\multlinetaggap=\skip51
\mathdisplay@stack=\toks21
LaTeX Info: Redefining \[ on input line 2938.
LaTeX Info: Redefining \] on input line 2939.
)
(c:/Users/piotr/AppData/Roaming/TinyTeX/texmf-dist/tex/generic/iftex/ifxetex.st
y
Package: ifxetex 2019/10/25 v0.7 ifxetex legacy package. Use iftex instead.
(c:/Users/piotr/AppData/Roaming/TinyTeX/texmf-dist/tex/generic/iftex/iftex.sty
Package: iftex 2020/03/06 v1.0d TeX engine tests
))
(c:/Users/piotr/AppData/Roaming/TinyTeX/texmf-dist/tex/generic/iftex/ifluatex.s
ty
Package: ifluatex 2019/10/25 v1.5 ifluatex legacy package. Use iftex instead.
) (c:/Users/piotr/AppData/Roaming/TinyTeX/texmf-dist/tex/latex/base/fontenc.sty
Package: fontenc 2021/04/29 v2.0v Standard LaTeX package
LaTeX Font Info:    Trying to load font information for T1+lmr on input line 11
2.
(c:/Users/piotr/AppData/Roaming/TinyTeX/texmf-dist/tex/latex/lm/t1lmr.fd
File: t1lmr.fd 2015/05/01 v1.6.1 Font defs for Latin Modern
)) (c:/Users/piotr/AppData/Roaming/TinyTeX/texmf-dist/tex/latex/base/inputenc.s
ty
Package: inputenc 2021/02/14 v1.3d Input encoding file
\inpenc@prehook=\toks22
\inpenc@posthook=\toks23
) (c:/Users/piotr/AppData/Roaming/TinyTeX/texmf-dist/tex/latex/base/textcomp.st
y
Package: textcomp 2020/02/02 v2.0n Standard LaTeX package
) (c:/Users/piotr/AppData/Roaming/TinyTeX/texmf-dist/tex/latex/xcolor/xcolor.st
y
Package: xcolor 2021/10/31 v2.13 LaTeX color extensions (UK)

(c:/Users/piotr/AppData/Roaming/TinyTeX/texmf-dist/tex/latex/graphics-cfg/color
.cfg
File: color.cfg 2016/01/02 v1.6 sample color configuration
)
Package xcolor Info: Driver file: pdftex.def on input line 227.

(c:/Users/piotr/AppData/Roaming/TinyTeX/texmf-dist/tex/latex/graphics-def/pdfte
x.def
File: pdftex.def 2020/10/05 v1.2a Graphics/color driver for pdftex
)
Package xcolor Info: Model `cmy' substituted by `cmy0' on input line 1352.
Package xcolor Info: Model `hsb' substituted by `rgb' on input line 1356.
Package xcolor Info: Model `RGB' extended on input line 1368.
Package xcolor Info: Model `HTML' substituted by `rgb' on input line 1370.
Package xcolor Info: Model `Hsb' substituted by `hsb' on input line 1371.
Package xcolor Info: Model `tHsb' substituted by `hsb' on input line 1372.
Package xcolor Info: Model `HSB' substituted by `hsb' on input line 1373.
Package xcolor Info: Model `Gray' substituted by `gray' on input line 1374.
Package xcolor Info: Model `wave' substituted by `hsb' on input line 1375.
)
(c:/Users/piotr/AppData/Roaming/TinyTeX/texmf-dist/tex/latex/hyperref/hyperref.
sty
Package: hyperref 2021-06-07 v7.00m Hypertext links for LaTeX

(c:/Users/piotr/AppData/Roaming/TinyTeX/texmf-dist/tex/generic/ltxcmds/ltxcmds.
sty
Package: ltxcmds 2020-05-10 v1.25 LaTeX kernel commands for general use (HO)
)
(c:/Users/piotr/AppData/Roaming/TinyTeX/texmf-dist/tex/generic/pdftexcmds/pdfte
xcmds.sty
Package: pdftexcmds 2020-06-27 v0.33 Utility functions of pdfTeX for LuaTeX (HO
)

(c:/Users/piotr/AppData/Roaming/TinyTeX/texmf-dist/tex/generic/infwarerr/infwar
err.sty
Package: infwarerr 2019/12/03 v1.5 Providing info/warning/error messages (HO)
)
Package pdftexcmds Info: \pdf@primitive is available.
Package pdftexcmds Info: \pdf@ifprimitive is available.
Package pdftexcmds Info: \pdfdraftmode found.
)
(c:/Users/piotr/AppData/Roaming/TinyTeX/texmf-dist/tex/latex/graphics/keyval.st
y
Package: keyval 2014/10/28 v1.15 key=value parser (DPC)
\KV@toks@=\toks24
)
(c:/Users/piotr/AppData/Roaming/TinyTeX/texmf-dist/tex/generic/kvsetkeys/kvsetk
eys.sty
Package: kvsetkeys 2019/12/15 v1.18 Key value parser (HO)
)
(c:/Users/piotr/AppData/Roaming/TinyTeX/texmf-dist/tex/generic/kvdefinekeys/kvd
efinekeys.sty
Package: kvdefinekeys 2019-12-19 v1.6 Define keys (HO)
)
(c:/Users/piotr/AppData/Roaming/TinyTeX/texmf-dist/tex/generic/pdfescape/pdfesc
ape.sty
Package: pdfescape 2019/12/09 v1.15 Implements pdfTeX's escape features (HO)
)
(c:/Users/piotr/AppData/Roaming/TinyTeX/texmf-dist/tex/latex/hycolor/hycolor.st
y
Package: hycolor 2020-01-27 v1.10 Color options for hyperref/bookmark (HO)
)
(c:/Users/piotr/AppData/Roaming/TinyTeX/texmf-dist/tex/latex/letltxmacro/letltx
macro.sty
Package: letltxmacro 2019/12/03 v1.6 Let assignment for LaTeX macros (HO)
)
(c:/Users/piotr/AppData/Roaming/TinyTeX/texmf-dist/tex/latex/auxhook/auxhook.st
y
Package: auxhook 2019-12-17 v1.6 Hooks for auxiliary files (HO)
)
(c:/Users/piotr/AppData/Roaming/TinyTeX/texmf-dist/tex/latex/kvoptions/kvoption
s.sty
Package: kvoptions 2020-10-07 v3.14 Key value format for package options (HO)
)
\@linkdim=\dimen148
\Hy@linkcounter=\count269
\Hy@pagecounter=\count270

(c:/Users/piotr/AppData/Roaming/TinyTeX/texmf-dist/tex/latex/hyperref/pd1enc.de
f
File: pd1enc.def 2021-06-07 v7.00m Hyperref: PDFDocEncoding definition (HO)
Now handling font encoding PD1 ...
... no UTF-8 mapping file for font encoding PD1
)
(c:/Users/piotr/AppData/Roaming/TinyTeX/texmf-dist/tex/latex/hyperref/hyperref-
langpatches.def
File: hyperref-langpatches.def 2021-06-07 v7.00m Hyperref: patches for babel la
nguages
)
(c:/Users/piotr/AppData/Roaming/TinyTeX/texmf-dist/tex/generic/intcalc/intcalc.
sty
Package: intcalc 2019/12/15 v1.3 Expandable calculations with integers (HO)
)
(c:/Users/piotr/AppData/Roaming/TinyTeX/texmf-dist/tex/generic/etexcmds/etexcmd
s.sty
Package: etexcmds 2019/12/15 v1.7 Avoid name clashes with e-TeX commands (HO)
)
\Hy@SavedSpaceFactor=\count271

(c:/Users/piotr/AppData/Roaming/TinyTeX/texmf-dist/tex/latex/hyperref/puenc.def
File: puenc.def 2021-06-07 v7.00m Hyperref: PDF Unicode definition (HO)
Now handling font encoding PU ...
... no UTF-8 mapping file for font encoding PU
)
Package hyperref Info: Option `unicode' set `true' on input line 4073.
Package hyperref Info: Hyper figures OFF on input line 4192.
Package hyperref Info: Link nesting OFF on input line 4197.
Package hyperref Info: Hyper index ON on input line 4200.
Package hyperref Info: Plain pages OFF on input line 4207.
Package hyperref Info: Backreferencing OFF on input line 4212.
Package hyperref Info: Implicit mode ON; LaTeX internals redefined.
Package hyperref Info: Bookmarks ON on input line 4445.
\c@Hy@tempcnt=\count272
(c:/Users/piotr/AppData/Roaming/TinyTeX/texmf-dist/tex/latex/url/url.sty
\Urlmuskip=\muskip17
Package: url 2013/09/16  ver 3.4  Verb mode for urls, etc.
)
LaTeX Info: Redefining \url on input line 4804.
\XeTeXLinkMargin=\dimen149

(c:/Users/piotr/AppData/Roaming/TinyTeX/texmf-dist/tex/generic/bitset/bitset.st
y
Package: bitset 2019/12/09 v1.3 Handle bit-vector datatype (HO)

(c:/Users/piotr/AppData/Roaming/TinyTeX/texmf-dist/tex/generic/bigintcalc/bigin
tcalc.sty
Package: bigintcalc 2019/12/15 v1.5 Expandable calculations on big integers (HO
)
))
\Fld@menulength=\count273
\Field@Width=\dimen150
\Fld@charsize=\dimen151
Package hyperref Info: Hyper figures OFF on input line 6076.
Package hyperref Info: Link nesting OFF on input line 6081.
Package hyperref Info: Hyper index ON on input line 6084.
Package hyperref Info: backreferencing OFF on input line 6091.
Package hyperref Info: Link coloring OFF on input line 6096.
Package hyperref Info: Link coloring with OCG OFF on input line 6101.
Package hyperref Info: PDF/A mode OFF on input line 6106.
LaTeX Info: Redefining \ref on input line 6146.
LaTeX Info: Redefining \pageref on input line 6150.

(c:/Users/piotr/AppData/Roaming/TinyTeX/texmf-dist/tex/latex/base/atbegshi-ltx.
sty
Package: atbegshi-ltx 2021/01/10 v1.0c Emulation of the original atbegshi
package with kernel methods
)
\Hy@abspage=\count274
\c@Item=\count275
\c@Hfootnote=\count276
)
Package hyperref Info: Driver (autodetected): hpdftex.

(c:/Users/piotr/AppData/Roaming/TinyTeX/texmf-dist/tex/latex/hyperref/hpdftex.d
ef
File: hpdftex.def 2021-06-07 v7.00m Hyperref driver for pdfTeX

(c:/Users/piotr/AppData/Roaming/TinyTeX/texmf-dist/tex/latex/base/atveryend-ltx
.sty
Package: atveryend-ltx 2020/08/19 v1.0a Emulation of the original atveryend pac
kage
with kernel methods
)
\Fld@listcount=\count277
\c@bookmark@seq@number=\count278

(c:/Users/piotr/AppData/Roaming/TinyTeX/texmf-dist/tex/latex/rerunfilecheck/rer
unfilecheck.sty
Package: rerunfilecheck 2019/12/05 v1.9 Rerun checks for auxiliary files (HO)

(c:/Users/piotr/AppData/Roaming/TinyTeX/texmf-dist/tex/generic/uniquecounter/un
iquecounter.sty
Package: uniquecounter 2019/12/15 v1.4 Provide unlimited unique counter (HO)
)
Package uniquecounter Info: New unique counter `rerunfilecheck' on input line 2
86.
)
\Hy@SectionHShift=\skip52
)
(c:/Users/piotr/AppData/Roaming/TinyTeX/texmf-dist/tex/latex/geometry/geometry.
sty
Package: geometry 2020/01/02 v5.9 Page Geometry

(c:/Users/piotr/AppData/Roaming/TinyTeX/texmf-dist/tex/generic/iftex/ifvtex.sty
Package: ifvtex 2019/10/25 v1.7 ifvtex legacy package. Use iftex instead.
)
\Gm@cnth=\count279
\Gm@cntv=\count280
\c@Gm@tempcnt=\count281
\Gm@bindingoffset=\dimen152
\Gm@wd@mp=\dimen153
\Gm@odd@mp=\dimen154
\Gm@even@mp=\dimen155
\Gm@layoutwidth=\dimen156
\Gm@layoutheight=\dimen157
\Gm@layouthoffset=\dimen158
\Gm@layoutvoffset=\dimen159
\Gm@dimlist=\toks25
)
(c:/Users/piotr/AppData/Roaming/TinyTeX/texmf-dist/tex/latex/tools/longtable.st
y
Package: longtable 2021-09-01 v4.17 Multi-page Table package (DPC)
\LTleft=\skip53
\LTright=\skip54
\LTpre=\skip55
\LTpost=\skip56
\LTchunksize=\count282
\LTcapwidth=\dimen160
\LT@head=\box52
\LT@firsthead=\box53
\LT@foot=\box54
\LT@lastfoot=\box55
\LT@gbox=\box56
\LT@cols=\count283
\LT@rows=\count284
\c@LT@tables=\count285
\c@LT@chunks=\count286
\LT@p@ftn=\toks26
)
(c:/Users/piotr/AppData/Roaming/TinyTeX/texmf-dist/tex/latex/booktabs/booktabs.
sty
Package: booktabs 2020/01/12 v1.61803398 Publication quality tables
\heavyrulewidth=\dimen161
\lightrulewidth=\dimen162
\cmidrulewidth=\dimen163
\belowrulesep=\dimen164
\belowbottomsep=\dimen165
\aboverulesep=\dimen166
\abovetopsep=\dimen167
\cmidrulesep=\dimen168
\cmidrulekern=\dimen169
\defaultaddspace=\dimen170
\@cmidla=\count287
\@cmidlb=\count288
\@aboverulesep=\dimen171
\@belowrulesep=\dimen172
\@thisruleclass=\count289
\@lastruleclass=\count290
\@thisrulewidth=\dimen173
)
(c:/Users/piotr/AppData/Roaming/TinyTeX/texmf-dist/tex/latex/etoolbox/etoolbox.
sty
Package: etoolbox 2020/10/05 v2.5k e-TeX tools for LaTeX (JAW)
\etb@tempcnta=\count291
)
(c:/Users/piotr/AppData/Roaming/TinyTeX/texmf-dist/tex/latex/mdwtools/footnote.
sty
Package: footnote 1997/01/28 1.13 Save footnotes around boxes
\fn@notes=\box57
\fn@width=\dimen174
)
(c:/Users/piotr/AppData/Roaming/TinyTeX/texmf-dist/tex/latex/graphics/graphicx.
sty
Package: graphicx 2021/09/16 v1.2d Enhanced LaTeX Graphics (DPC,SPQR)

(c:/Users/piotr/AppData/Roaming/TinyTeX/texmf-dist/tex/latex/graphics/graphics.
sty
Package: graphics 2021/03/04 v1.4d Standard LaTeX Graphics (DPC,SPQR)
(c:/Users/piotr/AppData/Roaming/TinyTeX/texmf-dist/tex/latex/graphics/trig.sty
Package: trig 2021/08/11 v1.11 sin cos tan (DPC)
)
(c:/Users/piotr/AppData/Roaming/TinyTeX/texmf-dist/tex/latex/graphics-cfg/graph
ics.cfg
File: graphics.cfg 2016/06/04 v1.11 sample graphics configuration
)
Package graphics Info: Driver file: pdftex.def on input line 107.
)
\Gin@req@height=\dimen175
\Gin@req@width=\dimen176
)
(c:/Users/piotr/AppData/Roaming/TinyTeX/texmf-dist/tex/latex/grffile/grffile.st
y
Package: grffile 2019/11/11 v2.1 Extended file name support for graphics (legac
y)
Package grffile Info: This package is an empty stub for compatibility on input 
line 40.
) (c:/Users/piotr/AppData/Roaming/TinyTeX/texmf-dist/tex/latex/tabu/tabu.sty
Package: tabu 2019/01/11 v2.9 - flexible LaTeX tabulars (FC+tabu-fixed)
(c:/Users/piotr/AppData/Roaming/TinyTeX/texmf-dist/tex/latex/tools/array.sty
Package: array 2021/10/04 v2.5f Tabular extension package (FMi)
\col@sep=\dimen177
\ar@mcellbox=\box58
\extrarowheight=\dimen178
\NC@list=\toks27
\extratabsurround=\skip57
\backup@length=\skip58
\ar@cellbox=\box59
)
(c:/Users/piotr/AppData/Roaming/TinyTeX/texmf-dist/tex/latex/varwidth/varwidth.
sty
Package: varwidth 2009/03/30 ver 0.92;  Variable-width minipages
\@vwid@box=\box60
\sift@deathcycles=\count292
\@vwid@loff=\dimen179
\@vwid@roff=\dimen180
)
\c@taburow=\count293
\tabu@nbcols=\count294
\tabu@cnt=\count295
\tabu@Xcol=\count296
\tabu@alloc=\count297
\tabu@nested=\count298
\tabu@target=\dimen181
\tabu@spreadtarget=\dimen182
\tabu@naturalX=\dimen183
\tabucolX=\dimen184
\tabu@Xsum=\dimen185
\extrarowdepth=\dimen186
\abovetabulinesep=\dimen187
\belowtabulinesep=\dimen188
\tabustrutrule=\dimen189
\tabu@thebody=\toks28
\tabu@footnotes=\toks29
\tabu@box=\box61
\tabu@arstrutbox=\box62
\tabu@hleads=\box63
\tabu@vleads=\box64
\tabu@cellskip=\skip59
)
(c:/Users/piotr/AppData/Roaming/TinyTeX/texmf-dist/tex/latex/caption/caption.st
y
Package: caption 2020/10/26 v3.5g Customizing captions (AR)

(c:/Users/piotr/AppData/Roaming/TinyTeX/texmf-dist/tex/latex/caption/caption3.s
ty
Package: caption3 2020/10/21 v2.2e caption3 kernel (AR)
\captionmargin=\dimen190
\captionmargin@=\dimen191
\captionwidth=\dimen192
\caption@tempdima=\dimen193
\caption@indent=\dimen194
\caption@parindent=\dimen195
\caption@hangindent=\dimen196
Package caption Info: Standard document class detected.
)
\c@caption@flags=\count299
\c@continuedfloat=\count300
Package caption Info: hyperref package is loaded.
Package caption Info: longtable package is loaded.

(c:/Users/piotr/AppData/Roaming/TinyTeX/texmf-dist/tex/latex/caption/ltcaption.
sty
Package: ltcaption 2020/05/30 v1.4b longtable captions (AR)
))
(c:/Users/piotr/AppData/Roaming/TinyTeX/texmf-dist/tex/latex/makecell/makecell.
sty
Package: makecell 2009/08/03 V0.1e Managing of Tab Column Heads and Cells
\rotheadsize=\dimen197
\c@nlinenum=\count301
\TeXr@lab=\toks30
)
(c:/Users/piotr/AppData/Roaming/TinyTeX/texmf-dist/tex/latex/pdflscape/pdflscap
e.sty
Package: pdflscape 2019/12/05 v0.12 Display of landscape pages in PDF (HO)

(c:/Users/piotr/AppData/Roaming/TinyTeX/texmf-dist/tex/latex/graphics/lscape.st
y
Package: lscape 2020/05/28 v3.02 Landscape Pages (DPC)
)
Package pdflscape Info: Auto-detected driver: pdftex on input line 81.
)
(c:/Users/piotr/AppData/Roaming/TinyTeX/texmf-dist/tex/latex/threeparttable/thr
eeparttable.sty
Package: threeparttable 2003/06/13  v 3.0
\@tempboxb=\box65
)
(c:/Users/piotr/AppData/Roaming/TinyTeX/texmf-dist/tex/latex/threeparttablex/th
reeparttablex.sty
Package: threeparttablex 2013/07/23 v0.3 by daleif

(c:/Users/piotr/AppData/Roaming/TinyTeX/texmf-dist/tex/latex/environ/environ.st
y
Package: environ 2014/05/04 v0.3 A new way to define environments

(c:/Users/piotr/AppData/Roaming/TinyTeX/texmf-dist/tex/latex/trimspaces/trimspa
ces.sty
Package: trimspaces 2009/09/17 v1.1 Trim spaces around a token list
))
\TPTL@width=\skip60
)
(c:/Users/piotr/AppData/Roaming/TinyTeX/texmf-dist/tex/latex/wrapfig/wrapfig.st
y
\wrapoverhang=\dimen198
\WF@size=\dimen199
\c@WF@wrappedlines=\count302
\WF@box=\box66
\WF@everypar=\toks31
Package: wrapfig 2003/01/31  v 3.6
)
(c:/Users/piotr/AppData/Roaming/TinyTeX/texmf-dist/tex/latex/multirow/multirow.
sty
Package: multirow 2021/03/15 v2.8 Span multiple rows of a table
\multirow@colwidth=\skip61
\multirow@cntb=\count303
\multirow@dima=\skip62
\bigstrutjot=\dimen256
) (c:/Users/piotr/AppData/Roaming/TinyTeX/texmf-dist/tex/generic/ulem/ulem.sty
\UL@box=\box67
\UL@hyphenbox=\box68
\UL@skip=\skip63
\UL@hook=\toks32
\UL@height=\dimen257
\UL@pe=\count304
\UL@pixel=\dimen258
\ULC@box=\box69
Package: ulem 2019/11/18
\ULdepth=\dimen259
)
(c:/Users/piotr/AppData/Roaming/TinyTeX/texmf-dist/tex/latex/colortbl/colortbl.
sty
Package: colortbl 2020/01/04 v1.0e Color table columns (DPC)
\everycr=\toks33
\minrowclearance=\skip64
) (c:/Users/piotr/AppData/Roaming/TinyTeX/texmf-dist/tex/latex/float/float.sty
Package: float 2001/11/08 v1.3d Float enhancements (AL)
\c@float@type=\count305
\float@exts=\toks34
\float@box=\box70
\@float@everytoks=\toks35
\@floatcapt=\box71
)
(c:/Users/piotr/AppData/Roaming/TinyTeX/texmf-dist/tex/latex/l3backend/l3backen
d-pdftex.def
File: l3backend-pdftex.def 2021-12-14 L3 backend support: PDF output (pdfTeX)
\l__color_backend_stack_int=\count306
\l__pdf_internal_box=\box72
) (./supplementary_material.aux

LaTeX Warning: Label `tab:tab-study-variables' multiply defined.

)
\openout1 = `supplementary_material.aux'.

LaTeX Font Info:    Checking defaults for OML/cmm/m/it on input line 84.
LaTeX Font Info:    ... okay on input line 84.
LaTeX Font Info:    Checking defaults for OMS/cmsy/m/n on input line 84.
LaTeX Font Info:    ... okay on input line 84.
LaTeX Font Info:    Checking defaults for OT1/cmr/m/n on input line 84.
LaTeX Font Info:    ... okay on input line 84.
LaTeX Font Info:    Checking defaults for T1/cmr/m/n on input line 84.
LaTeX Font Info:    ... okay on input line 84.
LaTeX Font Info:    Checking defaults for TS1/cmr/m/n on input line 84.
LaTeX Font Info:    ... okay on input line 84.
LaTeX Font Info:    Checking defaults for OMX/cmex/m/n on input line 84.
LaTeX Font Info:    ... okay on input line 84.
LaTeX Font Info:    Checking defaults for U/cmr/m/n on input line 84.
LaTeX Font Info:    ... okay on input line 84.
LaTeX Font Info:    Checking defaults for PD1/pdf/m/n on input line 84.
LaTeX Font Info:    ... okay on input line 84.
LaTeX Font Info:    Checking defaults for PU/pdf/m/n on input line 84.
LaTeX Font Info:    ... okay on input line 84.

(c:/Users/piotr/AppData/Roaming/TinyTeX/texmf-dist/tex/latex/epstopdf-pkg/epsto
pdf-base.sty
Package: epstopdf-base 2020-01-24 v2.11 Base part for package epstopdf
Package epstopdf-base Info: Redefining graphics rule for `.eps' on input line 4
85.

(c:/Users/piotr/AppData/Roaming/TinyTeX/texmf-dist/tex/latex/latexconfig/epstop
df-sys.cfg
File: epstopdf-sys.cfg 2010/07/13 v1.3 Configuration of (r)epstopdf for TeX Liv
e
))
Package hyperref Info: Link coloring OFF on input line 84.

(c:/Users/piotr/AppData/Roaming/TinyTeX/texmf-dist/tex/latex/hyperref/nameref.s
ty
Package: nameref 2021-04-02 v2.47 Cross-referencing by name of section

(c:/Users/piotr/AppData/Roaming/TinyTeX/texmf-dist/tex/latex/refcount/refcount.
sty
Package: refcount 2019/12/15 v3.6 Data extraction from label references (HO)
)
(c:/Users/piotr/AppData/Roaming/TinyTeX/texmf-dist/tex/generic/gettitlestring/g
ettitlestring.sty
Package: gettitlestring 2019/12/15 v1.6 Cleanup title references (HO)
)
\c@section@level=\count307
)
LaTeX Info: Redefining \ref on input line 84.
LaTeX Info: Redefining \pageref on input line 84.
LaTeX Info: Redefining \nameref on input line 84.
(./supplementary_material.out) (./supplementary_material.out)
\@outlinefile=\write3
\openout3 = `supplementary_material.out'.

*geometry* driver: auto-detecting
*geometry* detected driver: pdftex
*geometry* verbose mode - [ preamble ] result:
* driver: pdftex
* paper: <default>
* layout: <same size as paper>
* layoutoffset:(h,v)=(0.0pt,0.0pt)
* modes: 
* h-part:(L,W,R)=(72.26999pt, 469.75502pt, 72.26999pt)
* v-part:(T,H,B)=(72.26999pt, 650.43001pt, 72.26999pt)
* \paperwidth=614.295pt
* \paperheight=794.96999pt
* \textwidth=469.75502pt
* \textheight=650.43001pt
* \oddsidemargin=0.0pt
* \evensidemargin=0.0pt
* \topmargin=-37.0pt
* \headheight=12.0pt
* \headsep=25.0pt
* \topskip=10.0pt
* \footskip=30.0pt
* \marginparwidth=65.0pt
* \marginparsep=11.0pt
* \columnsep=10.0pt
* \skip\footins=9.0pt plus 4.0pt minus 2.0pt
* \hoffset=0.0pt
* \voffset=0.0pt
* \mag=1000
* \@twocolumnfalse
* \@twosidefalse
* \@mparswitchfalse
* \@reversemarginfalse
* (1in=72.27pt=25.4mm, 1cm=28.453pt)

Package caption Info: Begin \AtBeginDocument code.
Package caption Info: float package is loaded.
Package caption Info: threeparttable package is loaded.
Package caption Info: wrapfig package is loaded.
Package caption Info: End \AtBeginDocument code.
LaTeX Font Info:    Trying to load font information for OT1+lmr on input line 8
6.
(c:/Users/piotr/AppData/Roaming/TinyTeX/texmf-dist/tex/latex/lm/ot1lmr.fd
File: ot1lmr.fd 2015/05/01 v1.6.1 Font defs for Latin Modern
)
LaTeX Font Info:    Trying to load font information for OML+lmm on input line 8
6.
(c:/Users/piotr/AppData/Roaming/TinyTeX/texmf-dist/tex/latex/lm/omllmm.fd
File: omllmm.fd 2015/05/01 v1.6.1 Font defs for Latin Modern
)
LaTeX Font Info:    Trying to load font information for OMS+lmsy on input line 
86.
(c:/Users/piotr/AppData/Roaming/TinyTeX/texmf-dist/tex/latex/lm/omslmsy.fd
File: omslmsy.fd 2015/05/01 v1.6.1 Font defs for Latin Modern
)
LaTeX Font Info:    Trying to load font information for OMX+lmex on input line 
86.
(c:/Users/piotr/AppData/Roaming/TinyTeX/texmf-dist/tex/latex/lm/omxlmex.fd
File: omxlmex.fd 2015/05/01 v1.6.1 Font defs for Latin Modern
)
LaTeX Font Info:    External font `lmex10' loaded for size
(Font)              <12> on input line 86.
LaTeX Font Info:    External font `lmex10' loaded for size
(Font)              <8> on input line 86.
LaTeX Font Info:    External font `lmex10' loaded for size
(Font)              <6> on input line 86.
LaTeX Font Info:    Trying to load font information for U+msa on input line 86.

(c:/Users/piotr/AppData/Roaming/TinyTeX/texmf-dist/tex/latex/amsfonts/umsa.fd
File: umsa.fd 2013/01/14 v3.01 AMS symbols A
)
LaTeX Font Info:    Trying to load font information for U+msb on input line 86.

(c:/Users/piotr/AppData/Roaming/TinyTeX/texmf-dist/tex/latex/amsfonts/umsb.fd
File: umsb.fd 2013/01/14 v3.01 AMS symbols B
) (./supplementary_material.toc)
\tf@toc=\write4
\openout4 = `supplementary_material.toc'.

[1

{c:/Users/piotr/AppData/Roaming/TinyTeX/texmf-var/fonts/map/pdftex/updmap/pdfte
x.map}]
Overfull \hbox (39.79858pt too wide) in alignment at lines 99--104
 [] [] [] [] [] 
 []


Overfull \hbox (39.79858pt too wide) in alignment at lines 104--109
 [] [] [] [] [] 
 []


Overfull \hbox (39.79858pt too wide) in alignment at lines 109--111
 [] [] [] [] [] 
 []


Overfull \hbox (39.79858pt too wide) in alignment at lines 111--113
 [] [] [] [] [] 
 []


Overfull \hbox (5.13687pt too wide) in paragraph at lines 114--114
[]|\T1/lmr/m/n/9 explanatory|  
 []


Overfull \hbox (5.13687pt too wide) in paragraph at lines 115--115
[]|\T1/lmr/m/n/9 explanatory|  
 []


Overfull \hbox (5.13687pt too wide) in paragraph at lines 116--116
[]|\T1/lmr/m/n/9 explanatory|  
 []


Overfull \hbox (5.13687pt too wide) in paragraph at lines 117--117
[]|\T1/lmr/m/n/9 explanatory|  
 []


Overfull \hbox (5.13687pt too wide) in paragraph at lines 118--118
[]|\T1/lmr/m/n/9 explanatory|  
 []


Overfull \hbox (5.13687pt too wide) in paragraph at lines 120--120
[]|\T1/lmr/m/n/9 explanatory|  
 []


Overfull \hbox (5.13687pt too wide) in paragraph at lines 121--121
[]|\T1/lmr/m/n/9 explanatory|  
 []


Overfull \hbox (5.13687pt too wide) in paragraph at lines 122--122
[]|\T1/lmr/m/n/9 explanatory|  
 []


Overfull \hbox (5.13687pt too wide) in paragraph at lines 123--123
[]|\T1/lmr/m/n/9 explanatory|  
 []


Overfull \hbox (2.85272pt too wide) in paragraph at lines 124--124
[]|\T1/lmr/m/n/9 endocrine_metabolic_rec_V0|  
 []


Overfull \hbox (5.13687pt too wide) in paragraph at lines 124--124
[]|\T1/lmr/m/n/9 explanatory|  
 []


Overfull \hbox (2.15904pt too wide) in paragraph at lines 126--126
[]|\T1/lmr/m/n/9 hypercholesterolemia_rec_V0|  
 []


Overfull \hbox (5.13687pt too wide) in paragraph at lines 126--126
[]|\T1/lmr/m/n/9 explanatory|  
 []


Overfull \hbox (5.13687pt too wide) in paragraph at lines 127--127
[]|\T1/lmr/m/n/9 explanatory|  
 []


Overfull \hbox (5.13687pt too wide) in paragraph at lines 128--128
[]|\T1/lmr/m/n/9 explanatory|  
 []


Overfull \hbox (5.13687pt too wide) in paragraph at lines 129--129
[]|\T1/lmr/m/n/9 explanatory|  
 []


Overfull \hbox (5.13687pt too wide) in paragraph at lines 130--130
[]|\T1/lmr/m/n/9 explanatory|  
 []


Overfull \hbox (5.13687pt too wide) in paragraph at lines 132--132
[]|\T1/lmr/m/n/9 explanatory|  
 []


Overfull \hbox (5.13687pt too wide) in paragraph at lines 133--133
[]|\T1/lmr/m/n/9 explanatory|  
 []


Overfull \hbox (5.13687pt too wide) in paragraph at lines 134--134
[]|\T1/lmr/m/n/9 explanatory|  
 []


Overfull \hbox (5.13687pt too wide) in paragraph at lines 135--135
[]|\T1/lmr/m/n/9 explanatory|  
 []


Overfull \hbox (5.13687pt too wide) in paragraph at lines 136--136
[]|\T1/lmr/m/n/9 explanatory|  
 []


Overfull \hbox (5.13687pt too wide) in paragraph at lines 138--138
[]|\T1/lmr/m/n/9 explanatory|  
 []


Overfull \hbox (5.13687pt too wide) in paragraph at lines 139--139
[]|\T1/lmr/m/n/9 explanatory|  
 []


Overfull \hbox (5.13687pt too wide) in paragraph at lines 140--140
[]|\T1/lmr/m/n/9 explanatory|  
 []


Overfull \hbox (5.13687pt too wide) in paragraph at lines 141--141
[]|\T1/lmr/m/n/9 explanatory|  
 []


Overfull \hbox (5.13687pt too wide) in paragraph at lines 142--142
[]|\T1/lmr/m/n/9 explanatory|  
 []


Overfull \hbox (5.13687pt too wide) in paragraph at lines 144--144
[]|\T1/lmr/m/n/9 explanatory|  
 []


Overfull \hbox (5.13687pt too wide) in paragraph at lines 145--145
[]|\T1/lmr/m/n/9 explanatory|  
 []


Overfull \hbox (5.13687pt too wide) in paragraph at lines 146--146
[]|\T1/lmr/m/n/9 explanatory|  
 []


Overfull \hbox (5.13687pt too wide) in paragraph at lines 147--147
[]|\T1/lmr/m/n/9 explanatory|  
 []


Overfull \hbox (5.13687pt too wide) in paragraph at lines 148--148
[]|\T1/lmr/m/n/9 explanatory|  
 []


Overfull \hbox (5.13687pt too wide) in paragraph at lines 150--150
[]|\T1/lmr/m/n/9 explanatory|  
 []


Overfull \hbox (5.13687pt too wide) in paragraph at lines 151--151
[]|\T1/lmr/m/n/9 explanatory|  
 []


Overfull \hbox (5.13687pt too wide) in paragraph at lines 152--152
[]|\T1/lmr/m/n/9 explanatory|  
 []


Overfull \hbox (5.13687pt too wide) in paragraph at lines 153--153
[]|\T1/lmr/m/n/9 explanatory|  
 []


Overfull \hbox (5.13687pt too wide) in paragraph at lines 154--154
[]|\T1/lmr/m/n/9 explanatory|  
 []


Overfull \hbox (5.13687pt too wide) in paragraph at lines 156--156
[]|\T1/lmr/m/n/9 explanatory|  
 []


Overfull \hbox (5.13687pt too wide) in paragraph at lines 157--157
[]|\T1/lmr/m/n/9 explanatory|  
 []


Overfull \hbox (5.13687pt too wide) in paragraph at lines 158--158
[]|\T1/lmr/m/n/9 explanatory|  
 []


Overfull \hbox (5.13687pt too wide) in paragraph at lines 159--159
[]|\T1/lmr/m/n/9 explanatory|  
 []


Overfull \hbox (5.13687pt too wide) in paragraph at lines 160--160
[]|\T1/lmr/m/n/9 explanatory|  
 []


Overfull \hbox (5.13687pt too wide) in paragraph at lines 162--162
[]|\T1/lmr/m/n/9 explanatory|  
 []


Overfull \hbox (5.13687pt too wide) in paragraph at lines 163--163
[]|\T1/lmr/m/n/9 explanatory|  
 []


Overfull \hbox (5.13687pt too wide) in paragraph at lines 164--164
[]|\T1/lmr/m/n/9 explanatory|  
 []


Overfull \hbox (5.13687pt too wide) in paragraph at lines 165--165
[]|\T1/lmr/m/n/9 explanatory|  
 []


Overfull \hbox (5.13687pt too wide) in paragraph at lines 166--166
[]|\T1/lmr/m/n/9 explanatory|  
 []


Overfull \hbox (5.13687pt too wide) in paragraph at lines 168--168
[]|\T1/lmr/m/n/9 explanatory|  
 []


Overfull \hbox (5.13687pt too wide) in paragraph at lines 169--169
[]|\T1/lmr/m/n/9 explanatory|  
 []


Overfull \hbox (5.13687pt too wide) in paragraph at lines 170--170
[]|\T1/lmr/m/n/9 explanatory|  
 []


Overfull \hbox (5.13687pt too wide) in paragraph at lines 171--171
[]|\T1/lmr/m/n/9 explanatory|  
 []


Overfull \hbox (5.13687pt too wide) in paragraph at lines 172--172
[]|\T1/lmr/m/n/9 explanatory|  
 []


Overfull \hbox (5.13687pt too wide) in paragraph at lines 174--174
[]|\T1/lmr/m/n/9 explanatory|  
 []


Overfull \hbox (5.13687pt too wide) in paragraph at lines 175--175
[]|\T1/lmr/m/n/9 explanatory|  
 []


Overfull \hbox (39.79858pt too wide) in alignment at lines 113--182
 [] [] [] [] [] 
 []

[2] [3]
LaTeX Font Info:    External font `lmex10' loaded for size
(Font)              <10> on input line 189.
LaTeX Font Info:    External font `lmex10' loaded for size
(Font)              <7> on input line 189.
LaTeX Font Info:    External font `lmex10' loaded for size
(Font)              <5> on input line 189.

Overfull \hbox (23.71544pt too wide) in alignment at lines 204--209
 [] [] 
 []


Overfull \hbox (23.71544pt too wide) in alignment at lines 209--214
 [] [] 
 []


Overfull \hbox (23.71544pt too wide) in alignment at lines 214--216
 [] [] 
 []


Overfull \hbox (23.71544pt too wide) in alignment at lines 216--218
 [] [] 
 []


Overfull \hbox (23.71544pt too wide) in alignment at lines 218--224
 [] [] 
 []

[4]
Overfull \hbox (2.47005pt too wide) in paragraph at lines 234--234
[]|\T1/lmr/m/n/9 Classifier 
 []


Overfull \hbox (31.88129pt too wide) in alignment at lines 231--236
 [] [] [] [] [] [] 
 []


Overfull \hbox (2.47005pt too wide) in paragraph at lines 239--239
[]|\T1/lmr/m/n/9 Classifier 
 []


Overfull \hbox (31.88129pt too wide) in alignment at lines 236--241
 [] [] [] [] [] [] 
 []


Overfull \hbox (31.88129pt too wide) in alignment at lines 241--243
 [] [] [] [] [] [] 
 []


Overfull \hbox (31.88129pt too wide) in alignment at lines 243--245
 [] [] [] [] [] [] 
 []


Overfull \hbox (7.35417pt too wide) in paragraph at lines 248--248
[]|\T1/lmr/m/n/9 randomForest|  
 []


Overfull \hbox (2.14745pt too wide) in paragraph at lines 256--256
[]|\T1/lmr/m/n/9 ensemble|  
 []


Overfull \hbox (7.35417pt too wide) in paragraph at lines 260--260
[]|\T1/lmr/m/n/9 randomForest|  
 []


Overfull \hbox (2.14745pt too wide) in paragraph at lines 268--268
[]|\T1/lmr/m/n/9 ensemble|  
 []


Overfull \hbox (7.35417pt too wide) in paragraph at lines 272--272
[]|\T1/lmr/m/n/9 randomForest|  
 []


Overfull \hbox (2.14745pt too wide) in paragraph at lines 280--280
[]|\T1/lmr/m/n/9 ensemble|  
 []


Overfull \hbox (7.35417pt too wide) in paragraph at lines 284--284
[]|\T1/lmr/m/n/9 randomForest|  
 []


Overfull \hbox (2.14745pt too wide) in paragraph at lines 292--292
[]|\T1/lmr/m/n/9 ensemble|  
 []


Overfull \hbox (31.88129pt too wide) in alignment at lines 245--293
 [] [] [] [] [] [] 
 []

[5]
<C:/Users/piotr/Desktop/Covild 6 months revision/paper/supplementary_material_f
iles/figure-latex/fig-overlap-any-CT-1.pdf, id=49, 511.9125pt x 540.0175pt>
File: C:/Users/piotr/Desktop/Covild 6 months revision/paper/supplementary_mater
ial_files/figure-latex/fig-overlap-any-CT-1.pdf Graphic file (type pdf)
<use C:/Users/piotr/Desktop/Covild 6 months revision/paper/supplementary_materi
al_files/figure-latex/fig-overlap-any-CT-1.pdf>
Package pdftex.def Info: C:/Users/piotr/Desktop/Covild 6 months revision/paper/
supplementary_material_files/figure-latex/fig-overlap-any-CT-1.pdf  used on inp
ut line 331.
(pdftex.def)             Requested size: 469.75449pt x 495.54492pt.
[6] [7 <c:/Users/piotr/Desktop/Covild 6 months revision/paper/supplementary_mat
erial_files/figure-latex/fig-overlap-any-CT-1.pdf>]
<C:/Users/piotr/Desktop/Covild 6 months revision/paper/supplementary_material_f
iles/figure-latex/fig-overlap-sev-CT-1.pdf, id=75, 511.9125pt x 540.0175pt>
File: C:/Users/piotr/Desktop/Covild 6 months revision/paper/supplementary_mater
ial_files/figure-latex/fig-overlap-sev-CT-1.pdf Graphic file (type pdf)
<use C:/Users/piotr/Desktop/Covild 6 months revision/paper/supplementary_materi
al_files/figure-latex/fig-overlap-sev-CT-1.pdf>
Package pdftex.def Info: C:/Users/piotr/Desktop/Covild 6 months revision/paper/
supplementary_material_files/figure-latex/fig-overlap-sev-CT-1.pdf  used on inp
ut line 343.
(pdftex.def)             Requested size: 469.75449pt x 495.54492pt.
[8 <c:/Users/piotr/Desktop/Covild 6 months revision/paper/supplementary_materia
l_files/figure-latex/fig-overlap-sev-CT-1.pdf>]
<C:/Users/piotr/Desktop/Covild 6 months revision/paper/supplementary_material_f
iles/figure-latex/fig-outcome-kappa-1.pdf, id=93, 511.9125pt x 625.33624pt>
File: C:/Users/piotr/Desktop/Covild 6 months revision/paper/supplementary_mater
ial_files/figure-latex/fig-outcome-kappa-1.pdf Graphic file (type pdf)
<use C:/Users/piotr/Desktop/Covild 6 months revision/paper/supplementary_materi
al_files/figure-latex/fig-outcome-kappa-1.pdf>
Package pdftex.def Info: C:/Users/piotr/Desktop/Covild 6 months revision/paper/
supplementary_material_files/figure-latex/fig-outcome-kappa-1.pdf  used on inpu
t line 355.
(pdftex.def)             Requested size: 469.75449pt x 573.83734pt.
[9 <c:/Users/piotr/Desktop/Covild 6 months revision/paper/supplementary_materia
l_files/figure-latex/fig-outcome-kappa-1.pdf>] [10]
<C:/Users/piotr/Desktop/Covild 6 months revision/paper/supplementary_material_f
iles/figure-latex/fig-ft-clust-qc-1.pdf, id=114, 511.9125pt x 454.69875pt>
File: C:/Users/piotr/Desktop/Covild 6 months revision/paper/supplementary_mater
ial_files/figure-latex/fig-ft-clust-qc-1.pdf Graphic file (type pdf)
<use C:/Users/piotr/Desktop/Covild 6 months revision/paper/supplementary_materi
al_files/figure-latex/fig-ft-clust-qc-1.pdf>
Package pdftex.def Info: C:/Users/piotr/Desktop/Covild 6 months revision/paper/
supplementary_material_files/figure-latex/fig-ft-clust-qc-1.pdf  used on input 
line 370.
(pdftex.def)             Requested size: 469.75449pt x 417.2525pt.
[11 <c:/Users/piotr/Desktop/Covild 6 months revision/paper/supplementary_materi
al_files/figure-latex/fig-ft-clust-qc-1.pdf>]
<C:/Users/piotr/Desktop/Covild 6 months revision/paper/supplementary_material_f
iles/figure-latex/fig-ft-heat-1.pdf, id=128, 511.9125pt x 682.55pt>
File: C:/Users/piotr/Desktop/Covild 6 months revision/paper/supplementary_mater
ial_files/figure-latex/fig-ft-heat-1.pdf Graphic file (type pdf)
<use C:/Users/piotr/Desktop/Covild 6 months revision/paper/supplementary_materi
al_files/figure-latex/fig-ft-heat-1.pdf>
Package pdftex.def Info: C:/Users/piotr/Desktop/Covild 6 months revision/paper/
supplementary_material_files/figure-latex/fig-ft-heat-1.pdf  used on input line
 386.
(pdftex.def)             Requested size: 469.75449pt x 626.33932pt.

Overfull \vbox (21.90932pt too high) has occurred while \output is active []

[12 <c:/Users/piotr/Desktop/Covild 6 months revision/paper/supplementary_materi
al_files/figure-latex/fig-ft-heat-1.pdf>] [13]
<C:/Users/piotr/Desktop/Covild 6 months revision/paper/supplementary_material_f
iles/figure-latex/fig-part-clust-qc-1.pdf, id=152, 511.9125pt x 597.23125pt>
File: C:/Users/piotr/Desktop/Covild 6 months revision/paper/supplementary_mater
ial_files/figure-latex/fig-part-clust-qc-1.pdf Graphic file (type pdf)
<use C:/Users/piotr/Desktop/Covild 6 months revision/paper/supplementary_materi
al_files/figure-latex/fig-part-clust-qc-1.pdf>
Package pdftex.def Info: C:/Users/piotr/Desktop/Covild 6 months revision/paper/
supplementary_material_files/figure-latex/fig-part-clust-qc-1.pdf  used on inpu
t line 401.
(pdftex.def)             Requested size: 469.75449pt x 548.04689pt.
[14 <c:/Users/piotr/Desktop/Covild 6 months revision/paper/supplementary_materi
al_files/figure-latex/fig-part-clust-qc-1.pdf>] [15]
<C:/Users/piotr/Desktop/Covild 6 months revision/paper/supplementary_material_f
iles/figure-latex/fig-part-clust-impact-1.pdf, id=173, 511.9125pt x 511.9125pt>

File: C:/Users/piotr/Desktop/Covild 6 months revision/paper/supplementary_mater
ial_files/figure-latex/fig-part-clust-impact-1.pdf Graphic file (type pdf)
<use C:/Users/piotr/Desktop/Covild 6 months revision/paper/supplementary_materi
al_files/figure-latex/fig-part-clust-impact-1.pdf>
Package pdftex.def Info: C:/Users/piotr/Desktop/Covild 6 months revision/paper/
supplementary_material_files/figure-latex/fig-part-clust-impact-1.pdf  used on 
input line 417.
(pdftex.def)             Requested size: 469.75449pt x 469.75449pt.
[16 <c:/Users/piotr/Desktop/Covild 6 months revision/paper/supplementary_materi
al_files/figure-latex/fig-part-clust-impact-1.pdf>]
<C:/Users/piotr/Desktop/Covild 6 months revision/paper/supplementary_material_f
iles/figure-latex/fig-part-clust-risk-1.pdf, id=188, 511.9125pt x 540.0175pt>
File: C:/Users/piotr/Desktop/Covild 6 months revision/paper/supplementary_mater
ial_files/figure-latex/fig-part-clust-risk-1.pdf Graphic file (type pdf)
<use C:/Users/piotr/Desktop/Covild 6 months revision/paper/supplementary_materi
al_files/figure-latex/fig-part-clust-risk-1.pdf>
Package pdftex.def Info: C:/Users/piotr/Desktop/Covild 6 months revision/paper/
supplementary_material_files/figure-latex/fig-part-clust-risk-1.pdf  used on in
put line 431.
(pdftex.def)             Requested size: 469.75449pt x 495.54492pt.
[17 <c:/Users/piotr/Desktop/Covild 6 months revision/paper/supplementary_materi
al_files/figure-latex/fig-part-clust-risk-1.pdf>] [18]
<C:/Users/piotr/Desktop/Covild 6 months revision/paper/supplementary_material_f
iles/figure-latex/fig-mod-cor-1.pdf, id=207, 511.9125pt x 511.9125pt>
File: C:/Users/piotr/Desktop/Covild 6 months revision/paper/supplementary_mater
ial_files/figure-latex/fig-mod-cor-1.pdf Graphic file (type pdf)
<use C:/Users/piotr/Desktop/Covild 6 months revision/paper/supplementary_materi
al_files/figure-latex/fig-mod-cor-1.pdf>
Package pdftex.def Info: C:/Users/piotr/Desktop/Covild 6 months revision/paper/
supplementary_material_files/figure-latex/fig-mod-cor-1.pdf  used on input line
 444.
(pdftex.def)             Requested size: 469.75449pt x 469.75449pt.
[19 <c:/Users/piotr/Desktop/Covild 6 months revision/paper/supplementary_materi
al_files/figure-latex/fig-mod-cor-1.pdf>]
<C:/Users/piotr/Desktop/Covild 6 months revision/paper/supplementary_material_f
iles/figure-latex/fig-mod-ens-1.pdf, id=223, 511.9125pt x 511.9125pt>
File: C:/Users/piotr/Desktop/Covild 6 months revision/paper/supplementary_mater
ial_files/figure-latex/fig-mod-ens-1.pdf Graphic file (type pdf)
<use C:/Users/piotr/Desktop/Covild 6 months revision/paper/supplementary_materi
al_files/figure-latex/fig-mod-ens-1.pdf>
Package pdftex.def Info: C:/Users/piotr/Desktop/Covild 6 months revision/paper/
supplementary_material_files/figure-latex/fig-mod-ens-1.pdf  used on input line
 457.
(pdftex.def)             Requested size: 469.75449pt x 469.75449pt.
[20 <c:/Users/piotr/Desktop/Covild 6 months revision/paper/supplementary_materi
al_files/figure-latex/fig-mod-ens-1.pdf>]
<C:/Users/piotr/Desktop/Covild 6 months revision/paper/supplementary_material_f
iles/figure-latex/fig-ml-training-1.pdf, id=239, 511.9125pt x 397.485pt>
File: C:/Users/piotr/Desktop/Covild 6 months revision/paper/supplementary_mater
ial_files/figure-latex/fig-ml-training-1.pdf Graphic file (type pdf)
<use C:/Users/piotr/Desktop/Covild 6 months revision/paper/supplementary_materi
al_files/figure-latex/fig-ml-training-1.pdf>
Package pdftex.def Info: C:/Users/piotr/Desktop/Covild 6 months revision/paper/
supplementary_material_files/figure-latex/fig-ml-training-1.pdf  used on input 
line 469.
(pdftex.def)             Requested size: 469.75449pt x 364.75053pt.
[21 <c:/Users/piotr/Desktop/Covild 6 months revision/paper/supplementary_materi
al_files/figure-latex/fig-ml-training-1.pdf>]
<C:/Users/piotr/Desktop/Covild 6 months revision/paper/supplementary_material_f
iles/figure-latex/fig-importance-any-1.pdf, id=255, 511.9125pt x 511.9125pt>
File: C:/Users/piotr/Desktop/Covild 6 months revision/paper/supplementary_mater
ial_files/figure-latex/fig-importance-any-1.pdf Graphic file (type pdf)
<use C:/Users/piotr/Desktop/Covild 6 months revision/paper/supplementary_materi
al_files/figure-latex/fig-importance-any-1.pdf>
Package pdftex.def Info: C:/Users/piotr/Desktop/Covild 6 months revision/paper/
supplementary_material_files/figure-latex/fig-importance-any-1.pdf  used on inp
ut line 481.
(pdftex.def)             Requested size: 469.75449pt x 469.75449pt.
[22 <c:/Users/piotr/Desktop/Covild 6 months revision/paper/supplementary_materi
al_files/figure-latex/fig-importance-any-1.pdf>]
<C:/Users/piotr/Desktop/Covild 6 months revision/paper/supplementary_material_f
iles/figure-latex/fig-importance-severe-1.pdf, id=270, 511.9125pt x 511.9125pt>

File: C:/Users/piotr/Desktop/Covild 6 months revision/paper/supplementary_mater
ial_files/figure-latex/fig-importance-severe-1.pdf Graphic file (type pdf)
<use C:/Users/piotr/Desktop/Covild 6 months revision/paper/supplementary_materi
al_files/figure-latex/fig-importance-severe-1.pdf>
Package pdftex.def Info: C:/Users/piotr/Desktop/Covild 6 months revision/paper/
supplementary_material_files/figure-latex/fig-importance-severe-1.pdf  used on 
input line 495.
(pdftex.def)             Requested size: 469.75449pt x 469.75449pt.
[23 <c:/Users/piotr/Desktop/Covild 6 months revision/paper/supplementary_materi
al_files/figure-latex/fig-importance-severe-1.pdf>]
<C:/Users/piotr/Desktop/Covild 6 months revision/paper/supplementary_material_f
iles/figure-latex/fig-importance-lufo-1.pdf, id=286, 511.9125pt x 511.9125pt>
File: C:/Users/piotr/Desktop/Covild 6 months revision/paper/supplementary_mater
ial_files/figure-latex/fig-importance-lufo-1.pdf Graphic file (type pdf)
<use C:/Users/piotr/Desktop/Covild 6 months revision/paper/supplementary_materi
al_files/figure-latex/fig-importance-lufo-1.pdf>
Package pdftex.def Info: C:/Users/piotr/Desktop/Covild 6 months revision/paper/
supplementary_material_files/figure-latex/fig-importance-lufo-1.pdf  used on in
put line 509.
(pdftex.def)             Requested size: 469.75449pt x 469.75449pt.
[24 <c:/Users/piotr/Desktop/Covild 6 months revision/paper/supplementary_materi
al_files/figure-latex/fig-importance-lufo-1.pdf>]
<C:/Users/piotr/Desktop/Covild 6 months revision/paper/supplementary_material_f
iles/figure-latex/fig-importance-sympt-1.pdf, id=301, 511.9125pt x 511.9125pt>
File: C:/Users/piotr/Desktop/Covild 6 months revision/paper/supplementary_mater
ial_files/figure-latex/fig-importance-sympt-1.pdf Graphic file (type pdf)
<use C:/Users/piotr/Desktop/Covild 6 months revision/paper/supplementary_materi
al_files/figure-latex/fig-importance-sympt-1.pdf>
Package pdftex.def Info: C:/Users/piotr/Desktop/Covild 6 months revision/paper/
supplementary_material_files/figure-latex/fig-importance-sympt-1.pdf  used on i
nput line 523.
(pdftex.def)             Requested size: 469.75449pt x 469.75449pt.
[25 <c:/Users/piotr/Desktop/Covild 6 months revision/paper/supplementary_materi
al_files/figure-latex/fig-importance-sympt-1.pdf>] (./supplementary_material.au
x)

LaTeX Warning: There were multiply-defined labels.

Package rerunfilecheck Info: File `supplementary_material.out' has not changed.

(rerunfilecheck)             Checksum: B721EC35FE3952430D99AB622495AAEB;299.
 ) 
Here is how much of TeX's memory you used:
 14042 strings out of 480331
 238730 string characters out of 5896206
 587032 words of memory out of 5000000
 31572 multiletter control sequences out of 15000+600000
 456075 words of font info for 68 fonts, out of 8000000 for 9000
 14 hyphenation exceptions out of 8191
 60i,10n,63p,1044b,496s stack positions out of 5000i,500n,10000p,200000b,80000s
{c:/Users/piotr/AppData/Roaming/TinyTeX/texmf-dist/fonts/enc/dvips/lm/lm-ec.e
nc}{c:/Users/piotr/AppData/Roaming/TinyTeX/texmf-dist/fonts/enc/dvips/lm/lm-rm.
enc}{c:/Users/piotr/AppData/Roaming/TinyTeX/texmf-dist/fonts/enc/dvips/lm/lm-ma
thit.enc}{c:/Users/piotr/AppData/Roaming/TinyTeX/texmf-dist/fonts/enc/dvips/lm/
lm-mathsy.enc}<c:/Users/piotr/AppData/Roaming/TinyTeX/texmf-dist/fonts/type1/pu
blic/lm/lmbx10.pfb><c:/Users/piotr/AppData/Roaming/TinyTeX/texmf-dist/fonts/typ
e1/public/lm/lmbx12.pfb><c:/Users/piotr/AppData/Roaming/TinyTeX/texmf-dist/font
s/type1/public/lm/lmmi10.pfb><c:/Users/piotr/AppData/Roaming/TinyTeX/texmf-dist
/fonts/type1/public/lm/lmr10.pfb><c:/Users/piotr/AppData/Roaming/TinyTeX/texmf-
dist/fonts/type1/public/lm/lmr12.pfb><c:/Users/piotr/AppData/Roaming/TinyTeX/te
xmf-dist/fonts/type1/public/lm/lmr17.pfb><c:/Users/piotr/AppData/Roaming/TinyTe
X/texmf-dist/fonts/type1/public/lm/lmr7.pfb><c:/Users/piotr/AppData/Roaming/Tin
yTeX/texmf-dist/fonts/type1/public/lm/lmr9.pfb><c:/Users/piotr/AppData/Roaming/
TinyTeX/texmf-dist/fonts/type1/public/lm/lmri10.pfb><c:/Users/piotr/AppData/Roa
ming/TinyTeX/texmf-dist/fonts/type1/public/lm/lmsy10.pfb>
Output written on supplementary_material.pdf (25 pages, 747651 bytes).
PDF statistics:
 382 PDF objects out of 1000 (max. 8388607)
 292 compressed objects within 3 object streams
 52 named destinations out of 1000 (max. 500000)
 92 words of extra memory for PDF output out of 10000 (max. 10000000)

